[2024/08/24 06:37:49.347 +00:00] [INFO] [lib.rs:91] ["Welcome to TiKV"] [thread_id=1]
[2024/08/24 06:37:49.355 +00:00] [INFO] [lib.rs:96] ["Release Version:   8.4.0-alpha"] [thread_id=1]
[2024/08/24 06:37:49.356 +00:00] [INFO] [lib.rs:96] ["Edition:           Community"] [thread_id=1]
[2024/08/24 06:37:49.356 +00:00] [INFO] [lib.rs:96] ["Git Commit Hash:   109939ee5e4c39c3aee4dc44081f4a497e01f7c4"] [thread_id=1]
[2024/08/24 06:37:49.357 +00:00] [INFO] [lib.rs:96] ["Git Commit Branch: HEAD"] [thread_id=1]
[2024/08/24 06:37:49.358 +00:00] [INFO] [lib.rs:96] ["UTC Build Time:    2024-08-22 12:36:43"] [thread_id=1]
[2024/08/24 06:37:49.358 +00:00] [INFO] [lib.rs:96] ["Rust Version:      rustc 1.77.0-nightly (89e2160c4 2023-12-27)"] [thread_id=1]
[2024/08/24 06:37:49.359 +00:00] [INFO] [lib.rs:96] ["Enable Features:   memory-engine pprof-fp jemalloc mem-profiling portable test-engine-kv-rocksdb test-engine-raft-raft-engine trace-async-tasks openssl-vendored"] [thread_id=1]
[2024/08/24 06:37:49.359 +00:00] [INFO] [lib.rs:96] ["Profile:           dist_release"] [thread_id=1]
[2024/08/24 06:37:49.359 +00:00] [INFO] [fips.rs:40] ["OpenSSL FIPS mode is disabled"] [thread_id=1]
[2024/08/24 06:37:49.359 +00:00] [INFO] [mod.rs:118] ["cgroup quota: memory=None, cpu=None, cores={}"] [thread_id=1]
[2024/08/24 06:37:49.359 +00:00] [INFO] [mod.rs:125] ["memory limit in bytes: 12533456896, cpu cores quota: 10"] [thread_id=1]
[2024/08/24 06:37:49.360 +00:00] [WARN] [server.rs:1728] ["check: kernel"] [err="kernel parameters net.core.somaxconn got 4096, expect 32768"] [thread_id=1]
[2024/08/24 06:37:49.362 +00:00] [WARN] [server.rs:1728] ["check: kernel"] [err="kernel parameters net.ipv4.tcp_syncookies got 1, expect 0"] [thread_id=1]
[2024/08/24 06:37:49.362 +00:00] [WARN] [server.rs:1728] ["check: kernel"] [err="kernel parameters vm.swappiness got 60, expect 0"] [thread_id=1]
[2024/08/24 06:37:49.388 +00:00] [INFO] [util.rs:639] ["connecting to PD endpoint"] [endpoints=pd0:2379] [thread_id=1]
[2024/08/24 06:37:49.403 +00:00] [INFO] [<unknown>] ["Disabling AF_INET6 sockets because ::1 is not available."] [thread_id=1]
[2024/08/24 06:37:49.620 +00:00] [INFO] [util.rs:601] ["PD failed to respond"] [err="Grpc(RpcFailure(RpcStatus { code: 14-UNAVAILABLE, message: \"DNS resolution failed for pd0:2379: C-ares status is not ARES_SUCCESS qtype=A name=pd0 is_balancer=0: Domain name not found\", details: [] }))"] [endpoints=pd0:2379] [thread_id=1]
[2024/08/24 06:37:49.620 +00:00] [WARN] [client.rs:169] ["validate PD endpoints failed"] [err="Other(\"[components/pd_client/src/util.rs:634]: PD cluster failed to respond\")"] [thread_id=1]
[2024/08/24 06:37:49.924 +00:00] [INFO] [util.rs:639] ["connecting to PD endpoint"] [endpoints=pd0:2379] [thread_id=1]
[2024/08/24 06:37:49.928 +00:00] [INFO] [util.rs:601] ["PD failed to respond"] [err="Grpc(RpcFailure(RpcStatus { code: 14-UNAVAILABLE, message: \"DNS resolution failed for pd0:2379: C-ares status is not ARES_SUCCESS qtype=A name=pd0 is_balancer=0: Domain name not found\", details: [] }))"] [endpoints=pd0:2379] [thread_id=1]
[2024/08/24 06:37:50.230 +00:00] [INFO] [util.rs:639] ["connecting to PD endpoint"] [endpoints=pd0:2379] [thread_id=1]
[2024/08/24 06:37:50.234 +00:00] [INFO] [util.rs:601] ["PD failed to respond"] [err="Grpc(RpcFailure(RpcStatus { code: 14-UNAVAILABLE, message: \"DNS resolution failed for pd0:2379: C-ares status is not ARES_SUCCESS qtype=A name=pd0 is_balancer=0: Domain name not found\", details: [] }))"] [endpoints=pd0:2379] [thread_id=1]
[2024/08/24 06:37:50.536 +00:00] [INFO] [util.rs:639] ["connecting to PD endpoint"] [endpoints=pd0:2379] [thread_id=1]
[2024/08/24 06:37:50.539 +00:00] [INFO] [util.rs:601] ["PD failed to respond"] [err="Grpc(RpcFailure(RpcStatus { code: 14-UNAVAILABLE, message: \"DNS resolution failed for pd0:2379: C-ares status is not ARES_SUCCESS qtype=A name=pd0 is_balancer=0: Domain name not found\", details: [] }))"] [endpoints=pd0:2379] [thread_id=1]
[2024/08/24 06:37:50.839 +00:00] [INFO] [util.rs:639] ["connecting to PD endpoint"] [endpoints=pd0:2379] [thread_id=1]
[2024/08/24 06:37:50.843 +00:00] [INFO] [util.rs:601] ["PD failed to respond"] [err="Grpc(RpcFailure(RpcStatus { code: 14-UNAVAILABLE, message: \"DNS resolution failed for pd0:2379: C-ares status is not ARES_SUCCESS qtype=A name=pd0 is_balancer=0: Domain name not found\", details: [] }))"] [endpoints=pd0:2379] [thread_id=1]
[2024/08/24 06:37:51.143 +00:00] [INFO] [util.rs:639] ["connecting to PD endpoint"] [endpoints=pd0:2379] [thread_id=1]
[2024/08/24 06:37:51.146 +00:00] [INFO] [util.rs:601] ["PD failed to respond"] [err="Grpc(RpcFailure(RpcStatus { code: 14-UNAVAILABLE, message: \"DNS resolution failed for pd0:2379: C-ares status is not ARES_SUCCESS qtype=A name=pd0 is_balancer=0: Domain name not found\", details: [] }))"] [endpoints=pd0:2379] [thread_id=1]
[2024/08/24 06:37:51.451 +00:00] [INFO] [util.rs:639] ["connecting to PD endpoint"] [endpoints=pd0:2379] [thread_id=1]
[2024/08/24 06:37:51.455 +00:00] [INFO] [util.rs:601] ["PD failed to respond"] [err="Grpc(RpcFailure(RpcStatus { code: 14-UNAVAILABLE, message: \"DNS resolution failed for pd0:2379: C-ares status is not ARES_SUCCESS qtype=A name=pd0 is_balancer=0: Domain name not found\", details: [] }))"] [endpoints=pd0:2379] [thread_id=1]
[2024/08/24 06:37:51.758 +00:00] [INFO] [util.rs:639] ["connecting to PD endpoint"] [endpoints=pd0:2379] [thread_id=1]
[2024/08/24 06:37:51.761 +00:00] [INFO] [util.rs:601] ["PD failed to respond"] [err="Grpc(RpcFailure(RpcStatus { code: 14-UNAVAILABLE, message: \"DNS resolution failed for pd0:2379: C-ares status is not ARES_SUCCESS qtype=A name=pd0 is_balancer=0: Domain name not found\", details: [] }))"] [endpoints=pd0:2379] [thread_id=1]
[2024/08/24 06:37:52.063 +00:00] [INFO] [util.rs:639] ["connecting to PD endpoint"] [endpoints=pd0:2379] [thread_id=1]
[2024/08/24 06:37:52.066 +00:00] [INFO] [util.rs:601] ["PD failed to respond"] [err="Grpc(RpcFailure(RpcStatus { code: 14-UNAVAILABLE, message: \"DNS resolution failed for pd0:2379: C-ares status is not ARES_SUCCESS qtype=A name=pd0 is_balancer=0: Domain name not found\", details: [] }))"] [endpoints=pd0:2379] [thread_id=1]
[2024/08/24 06:37:52.370 +00:00] [INFO] [util.rs:639] ["connecting to PD endpoint"] [endpoints=pd0:2379] [thread_id=1]
[2024/08/24 06:37:52.394 +00:00] [INFO] [util.rs:601] ["PD failed to respond"] [err="Grpc(RpcFailure(RpcStatus { code: 14-UNAVAILABLE, message: \"DNS resolution failed for pd0:2379: C-ares status is not ARES_SUCCESS qtype=A name=pd0 is_balancer=0: Domain name not found\", details: [] }))"] [endpoints=pd0:2379] [thread_id=1]
[2024/08/24 06:37:52.694 +00:00] [INFO] [util.rs:639] ["connecting to PD endpoint"] [endpoints=pd0:2379] [thread_id=1]
[2024/08/24 06:37:52.699 +00:00] [INFO] [util.rs:601] ["PD failed to respond"] [err="Grpc(RpcFailure(RpcStatus { code: 14-UNAVAILABLE, message: \"DNS resolution failed for pd0:2379: C-ares status is not ARES_SUCCESS qtype=A name=pd0 is_balancer=0: Domain name not found\", details: [] }))"] [endpoints=pd0:2379] [thread_id=1]
[2024/08/24 06:37:52.699 +00:00] [WARN] [client.rs:169] ["validate PD endpoints failed"] [err="Other(\"[components/pd_client/src/util.rs:634]: PD cluster failed to respond\")"] [thread_id=1]
[2024/08/24 06:37:52.999 +00:00] [INFO] [util.rs:639] ["connecting to PD endpoint"] [endpoints=pd0:2379] [thread_id=1]
[2024/08/24 06:37:53.002 +00:00] [INFO] [util.rs:601] ["PD failed to respond"] [err="Grpc(RpcFailure(RpcStatus { code: 14-UNAVAILABLE, message: \"DNS resolution failed for pd0:2379: C-ares status is not ARES_SUCCESS qtype=A name=pd0 is_balancer=0: Domain name not found\", details: [] }))"] [endpoints=pd0:2379] [thread_id=1]
[2024/08/24 06:37:53.303 +00:00] [INFO] [util.rs:639] ["connecting to PD endpoint"] [endpoints=pd0:2379] [thread_id=1]
[2024/08/24 06:37:53.370 +00:00] [INFO] [util.rs:601] ["PD failed to respond"] [err="Grpc(RpcFailure(RpcStatus { code: 14-UNAVAILABLE, message: \"DNS resolution failed for pd0:2379: C-ares status is not ARES_SUCCESS qtype=A name=pd0 is_balancer=0: Domain name not found\", details: [] }))"] [endpoints=pd0:2379] [thread_id=1]
[2024/08/24 06:37:53.672 +00:00] [INFO] [util.rs:639] ["connecting to PD endpoint"] [endpoints=pd0:2379] [thread_id=1]
[2024/08/24 06:37:53.687 +00:00] [INFO] [util.rs:601] ["PD failed to respond"] [err="Grpc(RpcFailure(RpcStatus { code: 14-UNAVAILABLE, message: \"DNS resolution failed for pd0:2379: C-ares status is not ARES_SUCCESS qtype=A name=pd0 is_balancer=0: Domain name not found\", details: [] }))"] [endpoints=pd0:2379] [thread_id=1]
[2024/08/24 06:37:53.976 +00:00] [INFO] [util.rs:639] ["connecting to PD endpoint"] [endpoints=pd0:2379] [thread_id=1]
[2024/08/24 06:37:53.979 +00:00] [INFO] [util.rs:601] ["PD failed to respond"] [err="Grpc(RpcFailure(RpcStatus { code: 14-UNAVAILABLE, message: \"DNS resolution failed for pd0:2379: C-ares status is not ARES_SUCCESS qtype=A name=pd0 is_balancer=0: Domain name not found\", details: [] }))"] [endpoints=pd0:2379] [thread_id=1]
[2024/08/24 06:37:54.280 +00:00] [INFO] [util.rs:639] ["connecting to PD endpoint"] [endpoints=pd0:2379] [thread_id=1]
[2024/08/24 06:37:54.283 +00:00] [INFO] [util.rs:601] ["PD failed to respond"] [err="Grpc(RpcFailure(RpcStatus { code: 14-UNAVAILABLE, message: \"DNS resolution failed for pd0:2379: C-ares status is not ARES_SUCCESS qtype=A name=pd0 is_balancer=0: Domain name not found\", details: [] }))"] [endpoints=pd0:2379] [thread_id=1]
[2024/08/24 06:37:54.584 +00:00] [INFO] [util.rs:639] ["connecting to PD endpoint"] [endpoints=pd0:2379] [thread_id=1]
[2024/08/24 06:37:54.587 +00:00] [INFO] [util.rs:601] ["PD failed to respond"] [err="Grpc(RpcFailure(RpcStatus { code: 14-UNAVAILABLE, message: \"DNS resolution failed for pd0:2379: C-ares status is not ARES_SUCCESS qtype=A name=pd0 is_balancer=0: Domain name not found\", details: [] }))"] [endpoints=pd0:2379] [thread_id=1]
[2024/08/24 06:37:54.887 +00:00] [INFO] [util.rs:639] ["connecting to PD endpoint"] [endpoints=pd0:2379] [thread_id=1]
[2024/08/24 06:37:54.891 +00:00] [INFO] [util.rs:601] ["PD failed to respond"] [err="Grpc(RpcFailure(RpcStatus { code: 14-UNAVAILABLE, message: \"DNS resolution failed for pd0:2379: C-ares status is not ARES_SUCCESS qtype=A name=pd0 is_balancer=0: Domain name not found\", details: [] }))"] [endpoints=pd0:2379] [thread_id=1]
[2024/08/24 06:37:55.193 +00:00] [INFO] [util.rs:639] ["connecting to PD endpoint"] [endpoints=pd0:2379] [thread_id=1]
[2024/08/24 06:37:55.197 +00:00] [INFO] [util.rs:601] ["PD failed to respond"] [err="Grpc(RpcFailure(RpcStatus { code: 14-UNAVAILABLE, message: \"DNS resolution failed for pd0:2379: C-ares status is not ARES_SUCCESS qtype=A name=pd0 is_balancer=0: Domain name not found\", details: [] }))"] [endpoints=pd0:2379] [thread_id=1]
[2024/08/24 06:37:55.498 +00:00] [INFO] [util.rs:639] ["connecting to PD endpoint"] [endpoints=pd0:2379] [thread_id=1]
[2024/08/24 06:37:55.501 +00:00] [INFO] [util.rs:601] ["PD failed to respond"] [err="Grpc(RpcFailure(RpcStatus { code: 14-UNAVAILABLE, message: \"DNS resolution failed for pd0:2379: C-ares status is not ARES_SUCCESS qtype=A name=pd0 is_balancer=0: Domain name not found\", details: [] }))"] [endpoints=pd0:2379] [thread_id=1]
[2024/08/24 06:37:55.801 +00:00] [INFO] [util.rs:639] ["connecting to PD endpoint"] [endpoints=pd0:2379] [thread_id=1]
[2024/08/24 06:37:55.806 +00:00] [INFO] [util.rs:601] ["PD failed to respond"] [err="Grpc(RpcFailure(RpcStatus { code: 14-UNAVAILABLE, message: \"DNS resolution failed for pd0:2379: C-ares status is not ARES_SUCCESS qtype=A name=pd0 is_balancer=0: Domain name not found\", details: [] }))"] [endpoints=pd0:2379] [thread_id=1]
[2024/08/24 06:37:55.806 +00:00] [WARN] [client.rs:169] ["validate PD endpoints failed"] [err="Other(\"[components/pd_client/src/util.rs:634]: PD cluster failed to respond\")"] [thread_id=1]
[2024/08/24 06:37:56.107 +00:00] [INFO] [util.rs:639] ["connecting to PD endpoint"] [endpoints=pd0:2379] [thread_id=1]
[2024/08/24 06:37:56.113 +00:00] [INFO] [util.rs:601] ["PD failed to respond"] [err="Grpc(RpcFailure(RpcStatus { code: 14-UNAVAILABLE, message: \"DNS resolution failed for pd0:2379: C-ares status is not ARES_SUCCESS qtype=A name=pd0 is_balancer=0: Domain name not found\", details: [] }))"] [endpoints=pd0:2379] [thread_id=1]
[2024/08/24 06:37:56.415 +00:00] [INFO] [util.rs:639] ["connecting to PD endpoint"] [endpoints=pd0:2379] [thread_id=1]
[2024/08/24 06:37:56.419 +00:00] [INFO] [util.rs:601] ["PD failed to respond"] [err="Grpc(RpcFailure(RpcStatus { code: 14-UNAVAILABLE, message: \"DNS resolution failed for pd0:2379: C-ares status is not ARES_SUCCESS qtype=A name=pd0 is_balancer=0: Domain name not found\", details: [] }))"] [endpoints=pd0:2379] [thread_id=1]
[2024/08/24 06:37:56.720 +00:00] [INFO] [util.rs:639] ["connecting to PD endpoint"] [endpoints=pd0:2379] [thread_id=1]
[2024/08/24 06:37:56.721 +00:00] [INFO] [util.rs:601] ["PD failed to respond"] [err="Grpc(RpcFailure(RpcStatus { code: 14-UNAVAILABLE, message: \"DNS resolution failed for pd0:2379: C-ares status is not ARES_SUCCESS qtype=A name=pd0 is_balancer=0: Domain name not found\", details: [] }))"] [endpoints=pd0:2379] [thread_id=1]
[2024/08/24 06:37:57.022 +00:00] [INFO] [util.rs:639] ["connecting to PD endpoint"] [endpoints=pd0:2379] [thread_id=1]
[2024/08/24 06:37:57.027 +00:00] [INFO] [util.rs:601] ["PD failed to respond"] [err="Grpc(RpcFailure(RpcStatus { code: 14-UNAVAILABLE, message: \"DNS resolution failed for pd0:2379: C-ares status is not ARES_SUCCESS qtype=A name=pd0 is_balancer=0: Domain name not found\", details: [] }))"] [endpoints=pd0:2379] [thread_id=1]
[2024/08/24 06:37:57.327 +00:00] [INFO] [util.rs:639] ["connecting to PD endpoint"] [endpoints=pd0:2379] [thread_id=1]
[2024/08/24 06:37:57.330 +00:00] [INFO] [util.rs:601] ["PD failed to respond"] [err="Grpc(RpcFailure(RpcStatus { code: 14-UNAVAILABLE, message: \"DNS resolution failed for pd0:2379: C-ares status is not ARES_SUCCESS qtype=A name=pd0 is_balancer=0: Domain name not found\", details: [] }))"] [endpoints=pd0:2379] [thread_id=1]
[2024/08/24 06:37:57.630 +00:00] [INFO] [util.rs:639] ["connecting to PD endpoint"] [endpoints=pd0:2379] [thread_id=1]
[2024/08/24 06:37:57.633 +00:00] [INFO] [util.rs:601] ["PD failed to respond"] [err="Grpc(RpcFailure(RpcStatus { code: 14-UNAVAILABLE, message: \"DNS resolution failed for pd0:2379: C-ares status is not ARES_SUCCESS qtype=A name=pd0 is_balancer=0: Domain name not found\", details: [] }))"] [endpoints=pd0:2379] [thread_id=1]
[2024/08/24 06:37:57.934 +00:00] [INFO] [util.rs:639] ["connecting to PD endpoint"] [endpoints=pd0:2379] [thread_id=1]
[2024/08/24 06:37:57.941 +00:00] [INFO] [util.rs:601] ["PD failed to respond"] [err="Grpc(RpcFailure(RpcStatus { code: 14-UNAVAILABLE, message: \"DNS resolution failed for pd0:2379: C-ares status is not ARES_SUCCESS qtype=A name=pd0 is_balancer=0: Domain name not found\", details: [] }))"] [endpoints=pd0:2379] [thread_id=1]
[2024/08/24 06:37:58.242 +00:00] [INFO] [util.rs:639] ["connecting to PD endpoint"] [endpoints=pd0:2379] [thread_id=1]
[2024/08/24 06:37:58.246 +00:00] [INFO] [util.rs:601] ["PD failed to respond"] [err="Grpc(RpcFailure(RpcStatus { code: 14-UNAVAILABLE, message: \"DNS resolution failed for pd0:2379: C-ares status is not ARES_SUCCESS qtype=A name=pd0 is_balancer=0: Domain name not found\", details: [] }))"] [endpoints=pd0:2379] [thread_id=1]
[2024/08/24 06:37:58.547 +00:00] [INFO] [util.rs:639] ["connecting to PD endpoint"] [endpoints=pd0:2379] [thread_id=1]
[2024/08/24 06:37:58.553 +00:00] [INFO] [util.rs:601] ["PD failed to respond"] [err="Grpc(RpcFailure(RpcStatus { code: 14-UNAVAILABLE, message: \"DNS resolution failed for pd0:2379: C-ares status is not ARES_SUCCESS qtype=A name=pd0 is_balancer=0: Domain name not found\", details: [] }))"] [endpoints=pd0:2379] [thread_id=1]
[2024/08/24 06:37:58.854 +00:00] [INFO] [util.rs:639] ["connecting to PD endpoint"] [endpoints=pd0:2379] [thread_id=1]
[2024/08/24 06:37:58.859 +00:00] [INFO] [util.rs:601] ["PD failed to respond"] [err="Grpc(RpcFailure(RpcStatus { code: 14-UNAVAILABLE, message: \"DNS resolution failed for pd0:2379: C-ares status is not ARES_SUCCESS qtype=A name=pd0 is_balancer=0: Domain name not found\", details: [] }))"] [endpoints=pd0:2379] [thread_id=1]
[2024/08/24 06:37:58.860 +00:00] [WARN] [client.rs:169] ["validate PD endpoints failed"] [err="Other(\"[components/pd_client/src/util.rs:634]: PD cluster failed to respond\")"] [thread_id=1]
[2024/08/24 06:37:59.165 +00:00] [INFO] [util.rs:639] ["connecting to PD endpoint"] [endpoints=pd0:2379] [thread_id=1]
[2024/08/24 06:37:59.172 +00:00] [INFO] [util.rs:601] ["PD failed to respond"] [err="Grpc(RpcFailure(RpcStatus { code: 14-UNAVAILABLE, message: \"DNS resolution failed for pd0:2379: C-ares status is not ARES_SUCCESS qtype=A name=pd0 is_balancer=0: Domain name not found\", details: [] }))"] [endpoints=pd0:2379] [thread_id=1]
[2024/08/24 06:37:59.475 +00:00] [INFO] [util.rs:639] ["connecting to PD endpoint"] [endpoints=pd0:2379] [thread_id=1]
[2024/08/24 06:37:59.489 +00:00] [INFO] [util.rs:601] ["PD failed to respond"] [err="Grpc(RpcFailure(RpcStatus { code: 14-UNAVAILABLE, message: \"DNS resolution failed for pd0:2379: C-ares status is not ARES_SUCCESS qtype=A name=pd0 is_balancer=0: Domain name not found\", details: [] }))"] [endpoints=pd0:2379] [thread_id=1]
[2024/08/24 06:37:59.790 +00:00] [INFO] [util.rs:639] ["connecting to PD endpoint"] [endpoints=pd0:2379] [thread_id=1]
[2024/08/24 06:37:59.807 +00:00] [INFO] [util.rs:601] ["PD failed to respond"] [err="Grpc(RpcFailure(RpcStatus { code: 14-UNAVAILABLE, message: \"DNS resolution failed for pd0:2379: C-ares status is not ARES_SUCCESS qtype=A name=pd0 is_balancer=0: Domain name not found\", details: [] }))"] [endpoints=pd0:2379] [thread_id=1]
[2024/08/24 06:38:00.094 +00:00] [INFO] [util.rs:639] ["connecting to PD endpoint"] [endpoints=pd0:2379] [thread_id=1]
[2024/08/24 06:38:00.101 +00:00] [INFO] [util.rs:601] ["PD failed to respond"] [err="Grpc(RpcFailure(RpcStatus { code: 14-UNAVAILABLE, message: \"DNS resolution failed for pd0:2379: C-ares status is not ARES_SUCCESS qtype=A name=pd0 is_balancer=0: Domain name not found\", details: [] }))"] [endpoints=pd0:2379] [thread_id=1]
[2024/08/24 06:38:00.406 +00:00] [INFO] [util.rs:639] ["connecting to PD endpoint"] [endpoints=pd0:2379] [thread_id=1]
[2024/08/24 06:38:00.413 +00:00] [INFO] [util.rs:601] ["PD failed to respond"] [err="Grpc(RpcFailure(RpcStatus { code: 14-UNAVAILABLE, message: \"DNS resolution failed for pd0:2379: C-ares status is not ARES_SUCCESS qtype=A name=pd0 is_balancer=0: Domain name not found\", details: [] }))"] [endpoints=pd0:2379] [thread_id=1]
[2024/08/24 06:38:00.714 +00:00] [INFO] [util.rs:639] ["connecting to PD endpoint"] [endpoints=pd0:2379] [thread_id=1]
[2024/08/24 06:38:00.730 +00:00] [INFO] [util.rs:601] ["PD failed to respond"] [err="Grpc(RpcFailure(RpcStatus { code: 14-UNAVAILABLE, message: \"DNS resolution failed for pd0:2379: C-ares status is not ARES_SUCCESS qtype=A name=pd0 is_balancer=0: Domain name not found\", details: [] }))"] [endpoints=pd0:2379] [thread_id=1]
[2024/08/24 06:38:01.031 +00:00] [INFO] [util.rs:639] ["connecting to PD endpoint"] [endpoints=pd0:2379] [thread_id=1]
[2024/08/24 06:38:01.060 +00:00] [INFO] [util.rs:601] ["PD failed to respond"] [err="Grpc(RpcFailure(RpcStatus { code: 14-UNAVAILABLE, message: \"DNS resolution failed for pd0:2379: C-ares status is not ARES_SUCCESS qtype=A name=pd0 is_balancer=0: Domain name not found\", details: [] }))"] [endpoints=pd0:2379] [thread_id=1]
[2024/08/24 06:38:01.362 +00:00] [INFO] [util.rs:639] ["connecting to PD endpoint"] [endpoints=pd0:2379] [thread_id=1]
[2024/08/24 06:38:01.368 +00:00] [INFO] [util.rs:601] ["PD failed to respond"] [err="Grpc(RpcFailure(RpcStatus { code: 14-UNAVAILABLE, message: \"DNS resolution failed for pd0:2379: C-ares status is not ARES_SUCCESS qtype=A name=pd0 is_balancer=0: Domain name not found\", details: [] }))"] [endpoints=pd0:2379] [thread_id=1]
[2024/08/24 06:38:01.672 +00:00] [INFO] [util.rs:639] ["connecting to PD endpoint"] [endpoints=pd0:2379] [thread_id=1]
[2024/08/24 06:38:01.675 +00:00] [INFO] [<unknown>] ["TCP_USER_TIMEOUT is available. TCP_USER_TIMEOUT will be used thereafter"] [thread_id=9]
[2024/08/24 06:38:03.679 +00:00] [INFO] [util.rs:601] ["PD failed to respond"] [err="Grpc(RpcFailure(RpcStatus { code: 4-DEADLINE_EXCEEDED, message: \"Deadline Exceeded\", details: [] }))"] [endpoints=pd0:2379] [thread_id=1]
[2024/08/24 06:38:03.983 +00:00] [INFO] [util.rs:639] ["connecting to PD endpoint"] [endpoints=pd0:2379] [thread_id=1]
[2024/08/24 06:38:03.991 +00:00] [INFO] [util.rs:601] ["PD failed to respond"] [err="Grpc(RpcFailure(RpcStatus { code: 14-UNAVAILABLE, message: \"DNS resolution failed for pd0:2379: C-ares status is not ARES_SUCCESS qtype=A name=pd0 is_balancer=0: Domain name not found\", details: [] }))"] [endpoints=pd0:2379] [thread_id=1]
[2024/08/24 06:38:03.991 +00:00] [WARN] [client.rs:169] ["validate PD endpoints failed"] [err="Other(\"[components/pd_client/src/util.rs:634]: PD cluster failed to respond\")"] [thread_id=1]
[2024/08/24 06:38:04.291 +00:00] [INFO] [util.rs:639] ["connecting to PD endpoint"] [endpoints=pd0:2379] [thread_id=1]
[2024/08/24 06:38:04.295 +00:00] [INFO] [util.rs:601] ["PD failed to respond"] [err="Grpc(RpcFailure(RpcStatus { code: 14-UNAVAILABLE, message: \"DNS resolution failed for pd0:2379: C-ares status is not ARES_SUCCESS qtype=A name=pd0 is_balancer=0: Domain name not found\", details: [] }))"] [endpoints=pd0:2379] [thread_id=1]
[2024/08/24 06:38:04.596 +00:00] [INFO] [util.rs:639] ["connecting to PD endpoint"] [endpoints=pd0:2379] [thread_id=1]
[2024/08/24 06:38:04.602 +00:00] [INFO] [util.rs:601] ["PD failed to respond"] [err="Grpc(RpcFailure(RpcStatus { code: 14-UNAVAILABLE, message: \"DNS resolution failed for pd0:2379: C-ares status is not ARES_SUCCESS qtype=A name=pd0 is_balancer=0: Domain name not found\", details: [] }))"] [endpoints=pd0:2379] [thread_id=1]
[2024/08/24 06:38:04.903 +00:00] [INFO] [util.rs:639] ["connecting to PD endpoint"] [endpoints=pd0:2379] [thread_id=1]
[2024/08/24 06:38:04.907 +00:00] [INFO] [util.rs:601] ["PD failed to respond"] [err="Grpc(RpcFailure(RpcStatus { code: 14-UNAVAILABLE, message: \"DNS resolution failed for pd0:2379: C-ares status is not ARES_SUCCESS qtype=A name=pd0 is_balancer=0: Domain name not found\", details: [] }))"] [endpoints=pd0:2379] [thread_id=1]
[2024/08/24 06:38:05.207 +00:00] [INFO] [util.rs:639] ["connecting to PD endpoint"] [endpoints=pd0:2379] [thread_id=1]
[2024/08/24 06:38:05.214 +00:00] [INFO] [util.rs:601] ["PD failed to respond"] [err="Grpc(RpcFailure(RpcStatus { code: 14-UNAVAILABLE, message: \"DNS resolution failed for pd0:2379: C-ares status is not ARES_SUCCESS qtype=A name=pd0 is_balancer=0: Domain name not found\", details: [] }))"] [endpoints=pd0:2379] [thread_id=1]
[2024/08/24 06:38:05.515 +00:00] [INFO] [util.rs:639] ["connecting to PD endpoint"] [endpoints=pd0:2379] [thread_id=1]
[2024/08/24 06:38:05.520 +00:00] [INFO] [util.rs:601] ["PD failed to respond"] [err="Grpc(RpcFailure(RpcStatus { code: 14-UNAVAILABLE, message: \"DNS resolution failed for pd0:2379: C-ares status is not ARES_SUCCESS qtype=A name=pd0 is_balancer=0: Domain name not found\", details: [] }))"] [endpoints=pd0:2379] [thread_id=1]
[2024/08/24 06:38:05.821 +00:00] [INFO] [util.rs:639] ["connecting to PD endpoint"] [endpoints=pd0:2379] [thread_id=1]
[2024/08/24 06:38:05.824 +00:00] [INFO] [util.rs:601] ["PD failed to respond"] [err="Grpc(RpcFailure(RpcStatus { code: 14-UNAVAILABLE, message: \"DNS resolution failed for pd0:2379: C-ares status is not ARES_SUCCESS qtype=A name=pd0 is_balancer=0: Domain name not found\", details: [] }))"] [endpoints=pd0:2379] [thread_id=1]
[2024/08/24 06:38:06.126 +00:00] [INFO] [util.rs:639] ["connecting to PD endpoint"] [endpoints=pd0:2379] [thread_id=1]
[2024/08/24 06:38:06.129 +00:00] [INFO] [util.rs:601] ["PD failed to respond"] [err="Grpc(RpcFailure(RpcStatus { code: 14-UNAVAILABLE, message: \"DNS resolution failed for pd0:2379: C-ares status is not ARES_SUCCESS qtype=A name=pd0 is_balancer=0: Domain name not found\", details: [] }))"] [endpoints=pd0:2379] [thread_id=1]
[2024/08/24 06:38:06.429 +00:00] [INFO] [util.rs:639] ["connecting to PD endpoint"] [endpoints=pd0:2379] [thread_id=1]
[2024/08/24 06:38:06.432 +00:00] [INFO] [util.rs:601] ["PD failed to respond"] [err="Grpc(RpcFailure(RpcStatus { code: 14-UNAVAILABLE, message: \"DNS resolution failed for pd0:2379: C-ares status is not ARES_SUCCESS qtype=A name=pd0 is_balancer=0: Domain name not found\", details: [] }))"] [endpoints=pd0:2379] [thread_id=1]
[2024/08/24 06:38:06.733 +00:00] [INFO] [util.rs:639] ["connecting to PD endpoint"] [endpoints=pd0:2379] [thread_id=1]
[2024/08/24 06:38:06.736 +00:00] [INFO] [util.rs:601] ["PD failed to respond"] [err="Grpc(RpcFailure(RpcStatus { code: 14-UNAVAILABLE, message: \"DNS resolution failed for pd0:2379: C-ares status is not ARES_SUCCESS qtype=A name=pd0 is_balancer=0: Domain name not found\", details: [] }))"] [endpoints=pd0:2379] [thread_id=1]
[2024/08/24 06:38:07.036 +00:00] [INFO] [util.rs:639] ["connecting to PD endpoint"] [endpoints=pd0:2379] [thread_id=1]
[2024/08/24 06:38:07.040 +00:00] [INFO] [util.rs:601] ["PD failed to respond"] [err="Grpc(RpcFailure(RpcStatus { code: 14-UNAVAILABLE, message: \"DNS resolution failed for pd0:2379: C-ares status is not ARES_SUCCESS qtype=A name=pd0 is_balancer=0: Domain name not found\", details: [] }))"] [endpoints=pd0:2379] [thread_id=1]
[2024/08/24 06:38:07.040 +00:00] [WARN] [client.rs:169] ["validate PD endpoints failed"] [err="Other(\"[components/pd_client/src/util.rs:634]: PD cluster failed to respond\")"] [thread_id=1]
[2024/08/24 06:38:07.341 +00:00] [INFO] [util.rs:639] ["connecting to PD endpoint"] [endpoints=pd0:2379] [thread_id=1]
[2024/08/24 06:38:07.344 +00:00] [INFO] [util.rs:601] ["PD failed to respond"] [err="Grpc(RpcFailure(RpcStatus { code: 14-UNAVAILABLE, message: \"DNS resolution failed for pd0:2379: C-ares status is not ARES_SUCCESS qtype=A name=pd0 is_balancer=0: Domain name not found\", details: [] }))"] [endpoints=pd0:2379] [thread_id=1]
[2024/08/24 06:38:07.646 +00:00] [INFO] [util.rs:639] ["connecting to PD endpoint"] [endpoints=pd0:2379] [thread_id=1]
[2024/08/24 06:38:07.648 +00:00] [INFO] [util.rs:601] ["PD failed to respond"] [err="Grpc(RpcFailure(RpcStatus { code: 14-UNAVAILABLE, message: \"DNS resolution failed for pd0:2379: C-ares status is not ARES_SUCCESS qtype=A name=pd0 is_balancer=0: Domain name not found\", details: [] }))"] [endpoints=pd0:2379] [thread_id=1]
[2024/08/24 06:38:07.949 +00:00] [INFO] [util.rs:639] ["connecting to PD endpoint"] [endpoints=pd0:2379] [thread_id=1]
[2024/08/24 06:38:07.952 +00:00] [INFO] [util.rs:601] ["PD failed to respond"] [err="Grpc(RpcFailure(RpcStatus { code: 14-UNAVAILABLE, message: \"DNS resolution failed for pd0:2379: C-ares status is not ARES_SUCCESS qtype=A name=pd0 is_balancer=0: Domain name not found\", details: [] }))"] [endpoints=pd0:2379] [thread_id=1]
[2024/08/24 06:38:08.253 +00:00] [INFO] [util.rs:639] ["connecting to PD endpoint"] [endpoints=pd0:2379] [thread_id=1]
[2024/08/24 06:38:08.262 +00:00] [INFO] [util.rs:601] ["PD failed to respond"] [err="Grpc(RpcFailure(RpcStatus { code: 14-UNAVAILABLE, message: \"DNS resolution failed for pd0:2379: C-ares status is not ARES_SUCCESS qtype=A name=pd0 is_balancer=0: Domain name not found\", details: [] }))"] [endpoints=pd0:2379] [thread_id=1]
[2024/08/24 06:38:08.567 +00:00] [INFO] [util.rs:639] ["connecting to PD endpoint"] [endpoints=pd0:2379] [thread_id=1]
[2024/08/24 06:38:08.596 +00:00] [INFO] [util.rs:601] ["PD failed to respond"] [err="Grpc(RpcFailure(RpcStatus { code: 14-UNAVAILABLE, message: \"DNS resolution failed for pd0:2379: C-ares status is not ARES_SUCCESS qtype=A name=pd0 is_balancer=0: Domain name not found\", details: [] }))"] [endpoints=pd0:2379] [thread_id=1]
[2024/08/24 06:38:08.902 +00:00] [INFO] [util.rs:639] ["connecting to PD endpoint"] [endpoints=pd0:2379] [thread_id=1]
[2024/08/24 06:38:08.913 +00:00] [INFO] [util.rs:601] ["PD failed to respond"] [err="Grpc(RpcFailure(RpcStatus { code: 14-UNAVAILABLE, message: \"DNS resolution failed for pd0:2379: C-ares status is not ARES_SUCCESS qtype=A name=pd0 is_balancer=0: Domain name not found\", details: [] }))"] [endpoints=pd0:2379] [thread_id=1]
[2024/08/24 06:38:09.243 +00:00] [INFO] [util.rs:639] ["connecting to PD endpoint"] [endpoints=pd0:2379] [thread_id=1]
[2024/08/24 06:38:09.294 +00:00] [INFO] [util.rs:601] ["PD failed to respond"] [err="Grpc(RpcFailure(RpcStatus { code: 14-UNAVAILABLE, message: \"DNS resolution failed for pd0:2379: C-ares status is not ARES_SUCCESS qtype=A name=pd0 is_balancer=0: Domain name not found\", details: [] }))"] [endpoints=pd0:2379] [thread_id=1]
[2024/08/24 06:38:09.585 +00:00] [INFO] [util.rs:639] ["connecting to PD endpoint"] [endpoints=pd0:2379] [thread_id=1]
[2024/08/24 06:38:09.592 +00:00] [INFO] [util.rs:601] ["PD failed to respond"] [err="Grpc(RpcFailure(RpcStatus { code: 14-UNAVAILABLE, message: \"DNS resolution failed for pd0:2379: C-ares status is not ARES_SUCCESS qtype=A name=pd0 is_balancer=0: Domain name not found\", details: [] }))"] [endpoints=pd0:2379] [thread_id=1]
[2024/08/24 06:38:09.903 +00:00] [INFO] [util.rs:639] ["connecting to PD endpoint"] [endpoints=pd0:2379] [thread_id=1]
[2024/08/24 06:38:09.912 +00:00] [INFO] [util.rs:601] ["PD failed to respond"] [err="Grpc(RpcFailure(RpcStatus { code: 14-UNAVAILABLE, message: \"DNS resolution failed for pd0:2379: C-ares status is not ARES_SUCCESS qtype=A name=pd0 is_balancer=0: Domain name not found\", details: [] }))"] [endpoints=pd0:2379] [thread_id=1]
[2024/08/24 06:38:10.215 +00:00] [INFO] [util.rs:639] ["connecting to PD endpoint"] [endpoints=pd0:2379] [thread_id=1]
[2024/08/24 06:38:10.243 +00:00] [INFO] [util.rs:601] ["PD failed to respond"] [err="Grpc(RpcFailure(RpcStatus { code: 14-UNAVAILABLE, message: \"DNS resolution failed for pd0:2379: C-ares status is not ARES_SUCCESS qtype=A name=pd0 is_balancer=0: Domain name not found\", details: [] }))"] [endpoints=pd0:2379] [thread_id=1]
[2024/08/24 06:38:10.252 +00:00] [WARN] [client.rs:169] ["validate PD endpoints failed"] [err="Other(\"[components/pd_client/src/util.rs:634]: PD cluster failed to respond\")"] [thread_id=1]
[2024/08/24 06:38:10.544 +00:00] [INFO] [util.rs:639] ["connecting to PD endpoint"] [endpoints=pd0:2379] [thread_id=1]
[2024/08/24 06:38:10.550 +00:00] [INFO] [util.rs:601] ["PD failed to respond"] [err="Grpc(RpcFailure(RpcStatus { code: 14-UNAVAILABLE, message: \"DNS resolution failed for pd0:2379: C-ares status is not ARES_SUCCESS qtype=A name=pd0 is_balancer=0: Domain name not found\", details: [] }))"] [endpoints=pd0:2379] [thread_id=1]
[2024/08/24 06:38:10.855 +00:00] [INFO] [util.rs:639] ["connecting to PD endpoint"] [endpoints=pd0:2379] [thread_id=1]
[2024/08/24 06:38:10.877 +00:00] [INFO] [util.rs:601] ["PD failed to respond"] [err="Grpc(RpcFailure(RpcStatus { code: 14-UNAVAILABLE, message: \"DNS resolution failed for pd0:2379: C-ares status is not ARES_SUCCESS qtype=A name=pd0 is_balancer=0: Domain name not found\", details: [] }))"] [endpoints=pd0:2379] [thread_id=1]
[2024/08/24 06:38:11.192 +00:00] [INFO] [util.rs:639] ["connecting to PD endpoint"] [endpoints=pd0:2379] [thread_id=1]
[2024/08/24 06:38:11.216 +00:00] [INFO] [util.rs:601] ["PD failed to respond"] [err="Grpc(RpcFailure(RpcStatus { code: 14-UNAVAILABLE, message: \"DNS resolution failed for pd0:2379: C-ares status is not ARES_SUCCESS qtype=A name=pd0 is_balancer=0: Domain name not found\", details: [] }))"] [endpoints=pd0:2379] [thread_id=1]
[2024/08/24 06:38:11.518 +00:00] [INFO] [util.rs:639] ["connecting to PD endpoint"] [endpoints=pd0:2379] [thread_id=1]
[2024/08/24 06:38:11.531 +00:00] [INFO] [util.rs:601] ["PD failed to respond"] [err="Grpc(RpcFailure(RpcStatus { code: 14-UNAVAILABLE, message: \"DNS resolution failed for pd0:2379: C-ares status is not ARES_SUCCESS qtype=A name=pd0 is_balancer=0: Domain name not found\", details: [] }))"] [endpoints=pd0:2379] [thread_id=1]
[2024/08/24 06:38:11.834 +00:00] [INFO] [util.rs:639] ["connecting to PD endpoint"] [endpoints=pd0:2379] [thread_id=1]
[2024/08/24 06:38:11.843 +00:00] [INFO] [util.rs:601] ["PD failed to respond"] [err="Grpc(RpcFailure(RpcStatus { code: 14-UNAVAILABLE, message: \"DNS resolution failed for pd0:2379: C-ares status is not ARES_SUCCESS qtype=A name=pd0 is_balancer=0: Domain name not found\", details: [] }))"] [endpoints=pd0:2379] [thread_id=1]
[2024/08/24 06:38:12.145 +00:00] [INFO] [util.rs:639] ["connecting to PD endpoint"] [endpoints=pd0:2379] [thread_id=1]
[2024/08/24 06:38:12.150 +00:00] [INFO] [util.rs:601] ["PD failed to respond"] [err="Grpc(RpcFailure(RpcStatus { code: 14-UNAVAILABLE, message: \"DNS resolution failed for pd0:2379: C-ares status is not ARES_SUCCESS qtype=A name=pd0 is_balancer=0: Domain name not found\", details: [] }))"] [endpoints=pd0:2379] [thread_id=1]
[2024/08/24 06:38:12.453 +00:00] [INFO] [util.rs:639] ["connecting to PD endpoint"] [endpoints=pd0:2379] [thread_id=1]
[2024/08/24 06:38:12.469 +00:00] [INFO] [util.rs:601] ["PD failed to respond"] [err="Grpc(RpcFailure(RpcStatus { code: 14-UNAVAILABLE, message: \"DNS resolution failed for pd0:2379: C-ares status is not ARES_SUCCESS qtype=A name=pd0 is_balancer=0: Domain name not found\", details: [] }))"] [endpoints=pd0:2379] [thread_id=1]
[2024/08/24 06:38:12.770 +00:00] [INFO] [util.rs:639] ["connecting to PD endpoint"] [endpoints=pd0:2379] [thread_id=1]
[2024/08/24 06:38:12.791 +00:00] [INFO] [util.rs:601] ["PD failed to respond"] [err="Grpc(RpcFailure(RpcStatus { code: 14-UNAVAILABLE, message: \"DNS resolution failed for pd0:2379: C-ares status is not ARES_SUCCESS qtype=A name=pd0 is_balancer=0: Domain name not found\", details: [] }))"] [endpoints=pd0:2379] [thread_id=1]
[2024/08/24 06:38:13.094 +00:00] [INFO] [util.rs:639] ["connecting to PD endpoint"] [endpoints=pd0:2379] [thread_id=1]
[2024/08/24 06:38:13.103 +00:00] [INFO] [util.rs:601] ["PD failed to respond"] [err="Grpc(RpcFailure(RpcStatus { code: 14-UNAVAILABLE, message: \"DNS resolution failed for pd0:2379: C-ares status is not ARES_SUCCESS qtype=A name=pd0 is_balancer=0: Domain name not found\", details: [] }))"] [endpoints=pd0:2379] [thread_id=1]
[2024/08/24 06:38:13.403 +00:00] [INFO] [util.rs:639] ["connecting to PD endpoint"] [endpoints=pd0:2379] [thread_id=1]
[2024/08/24 06:38:13.409 +00:00] [INFO] [util.rs:601] ["PD failed to respond"] [err="Grpc(RpcFailure(RpcStatus { code: 14-UNAVAILABLE, message: \"DNS resolution failed for pd0:2379: C-ares status is not ARES_SUCCESS qtype=A name=pd0 is_balancer=0: Domain name not found\", details: [] }))"] [endpoints=pd0:2379] [thread_id=1]
[2024/08/24 06:38:13.410 +00:00] [WARN] [client.rs:169] ["validate PD endpoints failed"] [err="Other(\"[components/pd_client/src/util.rs:634]: PD cluster failed to respond\")"] [thread_id=1]
[2024/08/24 06:38:13.711 +00:00] [INFO] [util.rs:639] ["connecting to PD endpoint"] [endpoints=pd0:2379] [thread_id=1]
[2024/08/24 06:38:13.721 +00:00] [INFO] [util.rs:601] ["PD failed to respond"] [err="Grpc(RpcFailure(RpcStatus { code: 14-UNAVAILABLE, message: \"DNS resolution failed for pd0:2379: C-ares status is not ARES_SUCCESS qtype=A name=pd0 is_balancer=0: Domain name not found\", details: [] }))"] [endpoints=pd0:2379] [thread_id=1]
[2024/08/24 06:38:14.022 +00:00] [INFO] [util.rs:639] ["connecting to PD endpoint"] [endpoints=pd0:2379] [thread_id=1]
[2024/08/24 06:38:14.026 +00:00] [INFO] [util.rs:601] ["PD failed to respond"] [err="Grpc(RpcFailure(RpcStatus { code: 14-UNAVAILABLE, message: \"DNS resolution failed for pd0:2379: C-ares status is not ARES_SUCCESS qtype=A name=pd0 is_balancer=0: Domain name not found\", details: [] }))"] [endpoints=pd0:2379] [thread_id=1]
[2024/08/24 06:38:14.327 +00:00] [INFO] [util.rs:639] ["connecting to PD endpoint"] [endpoints=pd0:2379] [thread_id=1]
[2024/08/24 06:38:14.338 +00:00] [INFO] [util.rs:601] ["PD failed to respond"] [err="Grpc(RpcFailure(RpcStatus { code: 14-UNAVAILABLE, message: \"DNS resolution failed for pd0:2379: C-ares status is not ARES_SUCCESS qtype=A name=pd0 is_balancer=0: Domain name not found\", details: [] }))"] [endpoints=pd0:2379] [thread_id=1]
[2024/08/24 06:38:14.636 +00:00] [INFO] [util.rs:639] ["connecting to PD endpoint"] [endpoints=pd0:2379] [thread_id=1]
[2024/08/24 06:38:14.641 +00:00] [INFO] [util.rs:601] ["PD failed to respond"] [err="Grpc(RpcFailure(RpcStatus { code: 14-UNAVAILABLE, message: \"DNS resolution failed for pd0:2379: C-ares status is not ARES_SUCCESS qtype=A name=pd0 is_balancer=0: Domain name not found\", details: [] }))"] [endpoints=pd0:2379] [thread_id=1]
[2024/08/24 06:38:14.943 +00:00] [INFO] [util.rs:639] ["connecting to PD endpoint"] [endpoints=pd0:2379] [thread_id=1]
[2024/08/24 06:38:14.954 +00:00] [INFO] [util.rs:601] ["PD failed to respond"] [err="Grpc(RpcFailure(RpcStatus { code: 14-UNAVAILABLE, message: \"DNS resolution failed for pd0:2379: C-ares status is not ARES_SUCCESS qtype=A name=pd0 is_balancer=0: Domain name not found\", details: [] }))"] [endpoints=pd0:2379] [thread_id=1]
[2024/08/24 06:38:15.254 +00:00] [INFO] [util.rs:639] ["connecting to PD endpoint"] [endpoints=pd0:2379] [thread_id=1]
[2024/08/24 06:38:15.260 +00:00] [INFO] [util.rs:601] ["PD failed to respond"] [err="Grpc(RpcFailure(RpcStatus { code: 14-UNAVAILABLE, message: \"DNS resolution failed for pd0:2379: C-ares status is not ARES_SUCCESS qtype=A name=pd0 is_balancer=0: Domain name not found\", details: [] }))"] [endpoints=pd0:2379] [thread_id=1]
[2024/08/24 06:38:15.562 +00:00] [INFO] [util.rs:639] ["connecting to PD endpoint"] [endpoints=pd0:2379] [thread_id=1]
[2024/08/24 06:38:15.573 +00:00] [INFO] [util.rs:601] ["PD failed to respond"] [err="Grpc(RpcFailure(RpcStatus { code: 14-UNAVAILABLE, message: \"DNS resolution failed for pd0:2379: C-ares status is not ARES_SUCCESS qtype=A name=pd0 is_balancer=0: Domain name not found\", details: [] }))"] [endpoints=pd0:2379] [thread_id=1]
[2024/08/24 06:38:15.874 +00:00] [INFO] [util.rs:639] ["connecting to PD endpoint"] [endpoints=pd0:2379] [thread_id=1]
[2024/08/24 06:38:15.878 +00:00] [INFO] [util.rs:601] ["PD failed to respond"] [err="Grpc(RpcFailure(RpcStatus { code: 14-UNAVAILABLE, message: \"DNS resolution failed for pd0:2379: C-ares status is not ARES_SUCCESS qtype=A name=pd0 is_balancer=0: Domain name not found\", details: [] }))"] [endpoints=pd0:2379] [thread_id=1]
[2024/08/24 06:38:16.179 +00:00] [INFO] [util.rs:639] ["connecting to PD endpoint"] [endpoints=pd0:2379] [thread_id=1]
[2024/08/24 06:38:16.182 +00:00] [INFO] [util.rs:601] ["PD failed to respond"] [err="Grpc(RpcFailure(RpcStatus { code: 14-UNAVAILABLE, message: \"DNS resolution failed for pd0:2379: C-ares status is not ARES_SUCCESS qtype=A name=pd0 is_balancer=0: Domain name not found\", details: [] }))"] [endpoints=pd0:2379] [thread_id=1]
[2024/08/24 06:38:16.483 +00:00] [INFO] [util.rs:639] ["connecting to PD endpoint"] [endpoints=pd0:2379] [thread_id=1]
[2024/08/24 06:38:16.486 +00:00] [INFO] [util.rs:601] ["PD failed to respond"] [err="Grpc(RpcFailure(RpcStatus { code: 14-UNAVAILABLE, message: \"DNS resolution failed for pd0:2379: C-ares status is not ARES_SUCCESS qtype=A name=pd0 is_balancer=0: Domain name not found\", details: [] }))"] [endpoints=pd0:2379] [thread_id=1]
[2024/08/24 06:38:16.487 +00:00] [WARN] [client.rs:169] ["validate PD endpoints failed"] [err="Other(\"[components/pd_client/src/util.rs:634]: PD cluster failed to respond\")"] [thread_id=1]
[2024/08/24 06:38:16.787 +00:00] [INFO] [util.rs:639] ["connecting to PD endpoint"] [endpoints=pd0:2379] [thread_id=1]
[2024/08/24 06:38:16.792 +00:00] [INFO] [util.rs:601] ["PD failed to respond"] [err="Grpc(RpcFailure(RpcStatus { code: 14-UNAVAILABLE, message: \"DNS resolution failed for pd0:2379: C-ares status is not ARES_SUCCESS qtype=A name=pd0 is_balancer=0: Domain name not found\", details: [] }))"] [endpoints=pd0:2379] [thread_id=1]
[2024/08/24 06:38:17.095 +00:00] [INFO] [util.rs:639] ["connecting to PD endpoint"] [endpoints=pd0:2379] [thread_id=1]
[2024/08/24 06:38:17.100 +00:00] [INFO] [util.rs:601] ["PD failed to respond"] [err="Grpc(RpcFailure(RpcStatus { code: 14-UNAVAILABLE, message: \"DNS resolution failed for pd0:2379: C-ares status is not ARES_SUCCESS qtype=A name=pd0 is_balancer=0: Domain name not found\", details: [] }))"] [endpoints=pd0:2379] [thread_id=1]
[2024/08/24 06:38:17.401 +00:00] [INFO] [util.rs:639] ["connecting to PD endpoint"] [endpoints=pd0:2379] [thread_id=1]
[2024/08/24 06:38:17.405 +00:00] [INFO] [util.rs:601] ["PD failed to respond"] [err="Grpc(RpcFailure(RpcStatus { code: 14-UNAVAILABLE, message: \"DNS resolution failed for pd0:2379: C-ares status is not ARES_SUCCESS qtype=A name=pd0 is_balancer=0: Domain name not found\", details: [] }))"] [endpoints=pd0:2379] [thread_id=1]
[2024/08/24 06:38:17.706 +00:00] [INFO] [util.rs:639] ["connecting to PD endpoint"] [endpoints=pd0:2379] [thread_id=1]
[2024/08/24 06:38:17.709 +00:00] [INFO] [util.rs:601] ["PD failed to respond"] [err="Grpc(RpcFailure(RpcStatus { code: 14-UNAVAILABLE, message: \"DNS resolution failed for pd0:2379: C-ares status is not ARES_SUCCESS qtype=A name=pd0 is_balancer=0: Domain name not found\", details: [] }))"] [endpoints=pd0:2379] [thread_id=1]
[2024/08/24 06:38:18.009 +00:00] [INFO] [util.rs:639] ["connecting to PD endpoint"] [endpoints=pd0:2379] [thread_id=1]
[2024/08/24 06:38:18.013 +00:00] [INFO] [util.rs:601] ["PD failed to respond"] [err="Grpc(RpcFailure(RpcStatus { code: 14-UNAVAILABLE, message: \"DNS resolution failed for pd0:2379: C-ares status is not ARES_SUCCESS qtype=A name=pd0 is_balancer=0: Domain name not found\", details: [] }))"] [endpoints=pd0:2379] [thread_id=1]
[2024/08/24 06:38:18.314 +00:00] [INFO] [util.rs:639] ["connecting to PD endpoint"] [endpoints=pd0:2379] [thread_id=1]
[2024/08/24 06:38:18.319 +00:00] [INFO] [util.rs:601] ["PD failed to respond"] [err="Grpc(RpcFailure(RpcStatus { code: 14-UNAVAILABLE, message: \"DNS resolution failed for pd0:2379: C-ares status is not ARES_SUCCESS qtype=A name=pd0 is_balancer=0: Domain name not found\", details: [] }))"] [endpoints=pd0:2379] [thread_id=1]
[2024/08/24 06:38:18.620 +00:00] [INFO] [util.rs:639] ["connecting to PD endpoint"] [endpoints=pd0:2379] [thread_id=1]
[2024/08/24 06:38:18.623 +00:00] [INFO] [util.rs:601] ["PD failed to respond"] [err="Grpc(RpcFailure(RpcStatus { code: 14-UNAVAILABLE, message: \"DNS resolution failed for pd0:2379: C-ares status is not ARES_SUCCESS qtype=A name=pd0 is_balancer=0: Domain name not found\", details: [] }))"] [endpoints=pd0:2379] [thread_id=1]
[2024/08/24 06:38:18.924 +00:00] [INFO] [util.rs:639] ["connecting to PD endpoint"] [endpoints=pd0:2379] [thread_id=1]
[2024/08/24 06:38:18.927 +00:00] [INFO] [util.rs:601] ["PD failed to respond"] [err="Grpc(RpcFailure(RpcStatus { code: 14-UNAVAILABLE, message: \"DNS resolution failed for pd0:2379: C-ares status is not ARES_SUCCESS qtype=A name=pd0 is_balancer=0: Domain name not found\", details: [] }))"] [endpoints=pd0:2379] [thread_id=1]
[2024/08/24 06:38:19.229 +00:00] [INFO] [util.rs:639] ["connecting to PD endpoint"] [endpoints=pd0:2379] [thread_id=1]
[2024/08/24 06:38:19.233 +00:00] [INFO] [util.rs:601] ["PD failed to respond"] [err="Grpc(RpcFailure(RpcStatus { code: 14-UNAVAILABLE, message: \"DNS resolution failed for pd0:2379: C-ares status is not ARES_SUCCESS qtype=A name=pd0 is_balancer=0: Domain name not found\", details: [] }))"] [endpoints=pd0:2379] [thread_id=1]
[2024/08/24 06:38:19.535 +00:00] [INFO] [util.rs:639] ["connecting to PD endpoint"] [endpoints=pd0:2379] [thread_id=1]
[2024/08/24 06:38:19.540 +00:00] [INFO] [util.rs:601] ["PD failed to respond"] [err="Grpc(RpcFailure(RpcStatus { code: 14-UNAVAILABLE, message: \"DNS resolution failed for pd0:2379: C-ares status is not ARES_SUCCESS qtype=A name=pd0 is_balancer=0: Domain name not found\", details: [] }))"] [endpoints=pd0:2379] [thread_id=1]
[2024/08/24 06:38:19.540 +00:00] [WARN] [client.rs:169] ["validate PD endpoints failed"] [err="Other(\"[components/pd_client/src/util.rs:634]: PD cluster failed to respond\")"] [thread_id=1]
[2024/08/24 06:38:19.840 +00:00] [INFO] [util.rs:639] ["connecting to PD endpoint"] [endpoints=pd0:2379] [thread_id=1]
[2024/08/24 06:38:19.844 +00:00] [INFO] [util.rs:601] ["PD failed to respond"] [err="Grpc(RpcFailure(RpcStatus { code: 14-UNAVAILABLE, message: \"DNS resolution failed for pd0:2379: C-ares status is not ARES_SUCCESS qtype=A name=pd0 is_balancer=0: Domain name not found\", details: [] }))"] [endpoints=pd0:2379] [thread_id=1]
[2024/08/24 06:38:20.144 +00:00] [INFO] [util.rs:639] ["connecting to PD endpoint"] [endpoints=pd0:2379] [thread_id=1]
[2024/08/24 06:38:20.147 +00:00] [INFO] [util.rs:601] ["PD failed to respond"] [err="Grpc(RpcFailure(RpcStatus { code: 14-UNAVAILABLE, message: \"DNS resolution failed for pd0:2379: C-ares status is not ARES_SUCCESS qtype=A name=pd0 is_balancer=0: Domain name not found\", details: [] }))"] [endpoints=pd0:2379] [thread_id=1]
[2024/08/24 06:38:20.447 +00:00] [INFO] [util.rs:639] ["connecting to PD endpoint"] [endpoints=pd0:2379] [thread_id=1]
[2024/08/24 06:38:20.450 +00:00] [INFO] [util.rs:601] ["PD failed to respond"] [err="Grpc(RpcFailure(RpcStatus { code: 14-UNAVAILABLE, message: \"DNS resolution failed for pd0:2379: C-ares status is not ARES_SUCCESS qtype=A name=pd0 is_balancer=0: Domain name not found\", details: [] }))"] [endpoints=pd0:2379] [thread_id=1]
[2024/08/24 06:38:20.752 +00:00] [INFO] [util.rs:639] ["connecting to PD endpoint"] [endpoints=pd0:2379] [thread_id=1]
[2024/08/24 06:38:20.758 +00:00] [INFO] [util.rs:601] ["PD failed to respond"] [err="Grpc(RpcFailure(RpcStatus { code: 14-UNAVAILABLE, message: \"DNS resolution failed for pd0:2379: C-ares status is not ARES_SUCCESS qtype=A name=pd0 is_balancer=0: Domain name not found\", details: [] }))"] [endpoints=pd0:2379] [thread_id=1]
[2024/08/24 06:38:21.059 +00:00] [INFO] [util.rs:639] ["connecting to PD endpoint"] [endpoints=pd0:2379] [thread_id=1]
[2024/08/24 06:38:21.062 +00:00] [INFO] [util.rs:601] ["PD failed to respond"] [err="Grpc(RpcFailure(RpcStatus { code: 14-UNAVAILABLE, message: \"DNS resolution failed for pd0:2379: C-ares status is not ARES_SUCCESS qtype=A name=pd0 is_balancer=0: Domain name not found\", details: [] }))"] [endpoints=pd0:2379] [thread_id=1]
[2024/08/24 06:38:21.363 +00:00] [INFO] [util.rs:639] ["connecting to PD endpoint"] [endpoints=pd0:2379] [thread_id=1]
[2024/08/24 06:38:21.368 +00:00] [INFO] [util.rs:601] ["PD failed to respond"] [err="Grpc(RpcFailure(RpcStatus { code: 14-UNAVAILABLE, message: \"DNS resolution failed for pd0:2379: C-ares status is not ARES_SUCCESS qtype=A name=pd0 is_balancer=0: Domain name not found\", details: [] }))"] [endpoints=pd0:2379] [thread_id=1]
[2024/08/24 06:38:21.669 +00:00] [INFO] [util.rs:639] ["connecting to PD endpoint"] [endpoints=pd0:2379] [thread_id=1]
[2024/08/24 06:38:21.679 +00:00] [INFO] [util.rs:601] ["PD failed to respond"] [err="Grpc(RpcFailure(RpcStatus { code: 14-UNAVAILABLE, message: \"DNS resolution failed for pd0:2379: C-ares status is not ARES_SUCCESS qtype=A name=pd0 is_balancer=0: Domain name not found\", details: [] }))"] [endpoints=pd0:2379] [thread_id=1]
[2024/08/24 06:38:21.980 +00:00] [INFO] [util.rs:639] ["connecting to PD endpoint"] [endpoints=pd0:2379] [thread_id=1]
[2024/08/24 06:38:21.983 +00:00] [INFO] [util.rs:601] ["PD failed to respond"] [err="Grpc(RpcFailure(RpcStatus { code: 14-UNAVAILABLE, message: \"DNS resolution failed for pd0:2379: C-ares status is not ARES_SUCCESS qtype=A name=pd0 is_balancer=0: Domain name not found\", details: [] }))"] [endpoints=pd0:2379] [thread_id=1]
[2024/08/24 06:38:22.284 +00:00] [INFO] [util.rs:639] ["connecting to PD endpoint"] [endpoints=pd0:2379] [thread_id=1]
[2024/08/24 06:38:22.288 +00:00] [INFO] [util.rs:601] ["PD failed to respond"] [err="Grpc(RpcFailure(RpcStatus { code: 14-UNAVAILABLE, message: \"DNS resolution failed for pd0:2379: C-ares status is not ARES_SUCCESS qtype=A name=pd0 is_balancer=0: Domain name not found\", details: [] }))"] [endpoints=pd0:2379] [thread_id=1]
[2024/08/24 06:38:22.589 +00:00] [INFO] [util.rs:639] ["connecting to PD endpoint"] [endpoints=pd0:2379] [thread_id=1]
[2024/08/24 06:38:22.593 +00:00] [INFO] [util.rs:601] ["PD failed to respond"] [err="Grpc(RpcFailure(RpcStatus { code: 14-UNAVAILABLE, message: \"DNS resolution failed for pd0:2379: C-ares status is not ARES_SUCCESS qtype=A name=pd0 is_balancer=0: Domain name not found\", details: [] }))"] [endpoints=pd0:2379] [thread_id=1]
[2024/08/24 06:38:22.593 +00:00] [WARN] [client.rs:169] ["validate PD endpoints failed"] [err="Other(\"[components/pd_client/src/util.rs:634]: PD cluster failed to respond\")"] [thread_id=1]
[2024/08/24 06:38:22.893 +00:00] [INFO] [util.rs:639] ["connecting to PD endpoint"] [endpoints=pd0:2379] [thread_id=1]
[2024/08/24 06:38:22.897 +00:00] [INFO] [util.rs:601] ["PD failed to respond"] [err="Grpc(RpcFailure(RpcStatus { code: 14-UNAVAILABLE, message: \"DNS resolution failed for pd0:2379: C-ares status is not ARES_SUCCESS qtype=A name=pd0 is_balancer=0: Domain name not found\", details: [] }))"] [endpoints=pd0:2379] [thread_id=1]
[2024/08/24 06:38:23.197 +00:00] [INFO] [util.rs:639] ["connecting to PD endpoint"] [endpoints=pd0:2379] [thread_id=1]
[2024/08/24 06:38:23.203 +00:00] [INFO] [util.rs:601] ["PD failed to respond"] [err="Grpc(RpcFailure(RpcStatus { code: 14-UNAVAILABLE, message: \"DNS resolution failed for pd0:2379: C-ares status is not ARES_SUCCESS qtype=A name=pd0 is_balancer=0: Domain name not found\", details: [] }))"] [endpoints=pd0:2379] [thread_id=1]
[2024/08/24 06:38:23.507 +00:00] [INFO] [util.rs:639] ["connecting to PD endpoint"] [endpoints=pd0:2379] [thread_id=1]
[2024/08/24 06:38:23.511 +00:00] [INFO] [util.rs:601] ["PD failed to respond"] [err="Grpc(RpcFailure(RpcStatus { code: 14-UNAVAILABLE, message: \"DNS resolution failed for pd0:2379: C-ares status is not ARES_SUCCESS qtype=A name=pd0 is_balancer=0: Domain name not found\", details: [] }))"] [endpoints=pd0:2379] [thread_id=1]
[2024/08/24 06:38:23.812 +00:00] [INFO] [util.rs:639] ["connecting to PD endpoint"] [endpoints=pd0:2379] [thread_id=1]
[2024/08/24 06:38:23.818 +00:00] [INFO] [util.rs:601] ["PD failed to respond"] [err="Grpc(RpcFailure(RpcStatus { code: 14-UNAVAILABLE, message: \"DNS resolution failed for pd0:2379: C-ares status is not ARES_SUCCESS qtype=A name=pd0 is_balancer=0: Domain name not found\", details: [] }))"] [endpoints=pd0:2379] [thread_id=1]
[2024/08/24 06:38:24.119 +00:00] [INFO] [util.rs:639] ["connecting to PD endpoint"] [endpoints=pd0:2379] [thread_id=1]
[2024/08/24 06:38:24.123 +00:00] [INFO] [util.rs:601] ["PD failed to respond"] [err="Grpc(RpcFailure(RpcStatus { code: 14-UNAVAILABLE, message: \"DNS resolution failed for pd0:2379: C-ares status is not ARES_SUCCESS qtype=A name=pd0 is_balancer=0: Domain name not found\", details: [] }))"] [endpoints=pd0:2379] [thread_id=1]
[2024/08/24 06:38:24.423 +00:00] [INFO] [util.rs:639] ["connecting to PD endpoint"] [endpoints=pd0:2379] [thread_id=1]
[2024/08/24 06:38:24.427 +00:00] [INFO] [util.rs:601] ["PD failed to respond"] [err="Grpc(RpcFailure(RpcStatus { code: 14-UNAVAILABLE, message: \"DNS resolution failed for pd0:2379: C-ares status is not ARES_SUCCESS qtype=A name=pd0 is_balancer=0: Domain name not found\", details: [] }))"] [endpoints=pd0:2379] [thread_id=1]
[2024/08/24 06:38:24.728 +00:00] [INFO] [util.rs:639] ["connecting to PD endpoint"] [endpoints=pd0:2379] [thread_id=1]
[2024/08/24 06:38:24.732 +00:00] [INFO] [util.rs:601] ["PD failed to respond"] [err="Grpc(RpcFailure(RpcStatus { code: 14-UNAVAILABLE, message: \"DNS resolution failed for pd0:2379: C-ares status is not ARES_SUCCESS qtype=A name=pd0 is_balancer=0: Domain name not found\", details: [] }))"] [endpoints=pd0:2379] [thread_id=1]
[2024/08/24 06:38:25.033 +00:00] [INFO] [util.rs:639] ["connecting to PD endpoint"] [endpoints=pd0:2379] [thread_id=1]
[2024/08/24 06:38:25.039 +00:00] [INFO] [util.rs:601] ["PD failed to respond"] [err="Grpc(RpcFailure(RpcStatus { code: 14-UNAVAILABLE, message: \"DNS resolution failed for pd0:2379: C-ares status is not ARES_SUCCESS qtype=A name=pd0 is_balancer=0: Domain name not found\", details: [] }))"] [endpoints=pd0:2379] [thread_id=1]
[2024/08/24 06:38:25.341 +00:00] [INFO] [util.rs:639] ["connecting to PD endpoint"] [endpoints=pd0:2379] [thread_id=1]
[2024/08/24 06:38:25.348 +00:00] [INFO] [util.rs:601] ["PD failed to respond"] [err="Grpc(RpcFailure(RpcStatus { code: 14-UNAVAILABLE, message: \"DNS resolution failed for pd0:2379: C-ares status is not ARES_SUCCESS qtype=A name=pd0 is_balancer=0: Domain name not found\", details: [] }))"] [endpoints=pd0:2379] [thread_id=1]
[2024/08/24 06:38:25.649 +00:00] [INFO] [util.rs:639] ["connecting to PD endpoint"] [endpoints=pd0:2379] [thread_id=1]
[2024/08/24 06:38:25.655 +00:00] [INFO] [util.rs:601] ["PD failed to respond"] [err="Grpc(RpcFailure(RpcStatus { code: 14-UNAVAILABLE, message: \"DNS resolution failed for pd0:2379: C-ares status is not ARES_SUCCESS qtype=A name=pd0 is_balancer=0: Domain name not found\", details: [] }))"] [endpoints=pd0:2379] [thread_id=1]
[2024/08/24 06:38:25.656 +00:00] [WARN] [client.rs:169] ["validate PD endpoints failed"] [err="Other(\"[components/pd_client/src/util.rs:634]: PD cluster failed to respond\")"] [thread_id=1]
[2024/08/24 06:38:25.956 +00:00] [INFO] [util.rs:639] ["connecting to PD endpoint"] [endpoints=pd0:2379] [thread_id=1]
[2024/08/24 06:38:25.960 +00:00] [INFO] [util.rs:601] ["PD failed to respond"] [err="Grpc(RpcFailure(RpcStatus { code: 14-UNAVAILABLE, message: \"DNS resolution failed for pd0:2379: C-ares status is not ARES_SUCCESS qtype=A name=pd0 is_balancer=0: Domain name not found\", details: [] }))"] [endpoints=pd0:2379] [thread_id=1]
[2024/08/24 06:38:26.261 +00:00] [INFO] [util.rs:639] ["connecting to PD endpoint"] [endpoints=pd0:2379] [thread_id=1]
[2024/08/24 06:38:26.266 +00:00] [INFO] [util.rs:601] ["PD failed to respond"] [err="Grpc(RpcFailure(RpcStatus { code: 14-UNAVAILABLE, message: \"DNS resolution failed for pd0:2379: C-ares status is not ARES_SUCCESS qtype=A name=pd0 is_balancer=0: Domain name not found\", details: [] }))"] [endpoints=pd0:2379] [thread_id=1]
[2024/08/24 06:38:26.567 +00:00] [INFO] [util.rs:639] ["connecting to PD endpoint"] [endpoints=pd0:2379] [thread_id=1]
[2024/08/24 06:38:26.570 +00:00] [INFO] [util.rs:601] ["PD failed to respond"] [err="Grpc(RpcFailure(RpcStatus { code: 14-UNAVAILABLE, message: \"DNS resolution failed for pd0:2379: C-ares status is not ARES_SUCCESS qtype=A name=pd0 is_balancer=0: Domain name not found\", details: [] }))"] [endpoints=pd0:2379] [thread_id=1]
[2024/08/24 06:38:26.872 +00:00] [INFO] [util.rs:639] ["connecting to PD endpoint"] [endpoints=pd0:2379] [thread_id=1]
[2024/08/24 06:38:26.881 +00:00] [INFO] [util.rs:601] ["PD failed to respond"] [err="Grpc(RpcFailure(RpcStatus { code: 14-UNAVAILABLE, message: \"DNS resolution failed for pd0:2379: C-ares status is not ARES_SUCCESS qtype=A name=pd0 is_balancer=0: Domain name not found\", details: [] }))"] [endpoints=pd0:2379] [thread_id=1]
[2024/08/24 06:38:27.182 +00:00] [INFO] [util.rs:639] ["connecting to PD endpoint"] [endpoints=pd0:2379] [thread_id=1]
[2024/08/24 06:38:27.186 +00:00] [INFO] [util.rs:601] ["PD failed to respond"] [err="Grpc(RpcFailure(RpcStatus { code: 14-UNAVAILABLE, message: \"DNS resolution failed for pd0:2379: C-ares status is not ARES_SUCCESS qtype=A name=pd0 is_balancer=0: Domain name not found\", details: [] }))"] [endpoints=pd0:2379] [thread_id=1]
[2024/08/24 06:38:27.487 +00:00] [INFO] [util.rs:639] ["connecting to PD endpoint"] [endpoints=pd0:2379] [thread_id=1]
[2024/08/24 06:38:27.491 +00:00] [INFO] [util.rs:601] ["PD failed to respond"] [err="Grpc(RpcFailure(RpcStatus { code: 14-UNAVAILABLE, message: \"DNS resolution failed for pd0:2379: C-ares status is not ARES_SUCCESS qtype=A name=pd0 is_balancer=0: Domain name not found\", details: [] }))"] [endpoints=pd0:2379] [thread_id=1]
[2024/08/24 06:38:27.791 +00:00] [INFO] [util.rs:639] ["connecting to PD endpoint"] [endpoints=pd0:2379] [thread_id=1]
[2024/08/24 06:38:27.795 +00:00] [INFO] [util.rs:601] ["PD failed to respond"] [err="Grpc(RpcFailure(RpcStatus { code: 14-UNAVAILABLE, message: \"DNS resolution failed for pd0:2379: C-ares status is not ARES_SUCCESS qtype=A name=pd0 is_balancer=0: Domain name not found\", details: [] }))"] [endpoints=pd0:2379] [thread_id=1]
[2024/08/24 06:38:28.096 +00:00] [INFO] [util.rs:639] ["connecting to PD endpoint"] [endpoints=pd0:2379] [thread_id=1]
[2024/08/24 06:38:28.110 +00:00] [INFO] [util.rs:601] ["PD failed to respond"] [err="Grpc(RpcFailure(RpcStatus { code: 14-UNAVAILABLE, message: \"DNS resolution failed for pd0:2379: C-ares status is not ARES_SUCCESS qtype=A name=pd0 is_balancer=0: Domain name not found\", details: [] }))"] [endpoints=pd0:2379] [thread_id=1]
[2024/08/24 06:38:28.407 +00:00] [INFO] [util.rs:639] ["connecting to PD endpoint"] [endpoints=pd0:2379] [thread_id=1]
[2024/08/24 06:38:28.410 +00:00] [INFO] [util.rs:601] ["PD failed to respond"] [err="Grpc(RpcFailure(RpcStatus { code: 14-UNAVAILABLE, message: \"DNS resolution failed for pd0:2379: C-ares status is not ARES_SUCCESS qtype=A name=pd0 is_balancer=0: Domain name not found\", details: [] }))"] [endpoints=pd0:2379] [thread_id=1]
[2024/08/24 06:38:28.711 +00:00] [INFO] [util.rs:639] ["connecting to PD endpoint"] [endpoints=pd0:2379] [thread_id=1]
[2024/08/24 06:38:28.714 +00:00] [INFO] [util.rs:601] ["PD failed to respond"] [err="Grpc(RpcFailure(RpcStatus { code: 14-UNAVAILABLE, message: \"DNS resolution failed for pd0:2379: C-ares status is not ARES_SUCCESS qtype=A name=pd0 is_balancer=0: Domain name not found\", details: [] }))"] [endpoints=pd0:2379] [thread_id=1]
[2024/08/24 06:38:28.714 +00:00] [WARN] [client.rs:169] ["validate PD endpoints failed"] [err="Other(\"[components/pd_client/src/util.rs:634]: PD cluster failed to respond\")"] [thread_id=1]
[2024/08/24 06:38:29.015 +00:00] [INFO] [util.rs:639] ["connecting to PD endpoint"] [endpoints=pd0:2379] [thread_id=1]
[2024/08/24 06:38:29.019 +00:00] [INFO] [util.rs:601] ["PD failed to respond"] [err="Grpc(RpcFailure(RpcStatus { code: 14-UNAVAILABLE, message: \"DNS resolution failed for pd0:2379: C-ares status is not ARES_SUCCESS qtype=A name=pd0 is_balancer=0: Domain name not found\", details: [] }))"] [endpoints=pd0:2379] [thread_id=1]
[2024/08/24 06:38:29.319 +00:00] [INFO] [util.rs:639] ["connecting to PD endpoint"] [endpoints=pd0:2379] [thread_id=1]
[2024/08/24 06:38:29.323 +00:00] [INFO] [util.rs:601] ["PD failed to respond"] [err="Grpc(RpcFailure(RpcStatus { code: 14-UNAVAILABLE, message: \"DNS resolution failed for pd0:2379: C-ares status is not ARES_SUCCESS qtype=A name=pd0 is_balancer=0: Domain name not found\", details: [] }))"] [endpoints=pd0:2379] [thread_id=1]
[2024/08/24 06:38:29.623 +00:00] [INFO] [util.rs:639] ["connecting to PD endpoint"] [endpoints=pd0:2379] [thread_id=1]
[2024/08/24 06:38:29.626 +00:00] [INFO] [util.rs:601] ["PD failed to respond"] [err="Grpc(RpcFailure(RpcStatus { code: 14-UNAVAILABLE, message: \"DNS resolution failed for pd0:2379: C-ares status is not ARES_SUCCESS qtype=A name=pd0 is_balancer=0: Domain name not found\", details: [] }))"] [endpoints=pd0:2379] [thread_id=1]
[2024/08/24 06:38:29.927 +00:00] [INFO] [util.rs:639] ["connecting to PD endpoint"] [endpoints=pd0:2379] [thread_id=1]
[2024/08/24 06:38:29.931 +00:00] [INFO] [util.rs:601] ["PD failed to respond"] [err="Grpc(RpcFailure(RpcStatus { code: 14-UNAVAILABLE, message: \"DNS resolution failed for pd0:2379: C-ares status is not ARES_SUCCESS qtype=A name=pd0 is_balancer=0: Domain name not found\", details: [] }))"] [endpoints=pd0:2379] [thread_id=1]
[2024/08/24 06:38:30.231 +00:00] [INFO] [util.rs:639] ["connecting to PD endpoint"] [endpoints=pd0:2379] [thread_id=1]
[2024/08/24 06:38:30.234 +00:00] [INFO] [util.rs:601] ["PD failed to respond"] [err="Grpc(RpcFailure(RpcStatus { code: 14-UNAVAILABLE, message: \"DNS resolution failed for pd0:2379: C-ares status is not ARES_SUCCESS qtype=A name=pd0 is_balancer=0: Domain name not found\", details: [] }))"] [endpoints=pd0:2379] [thread_id=1]
[2024/08/24 06:38:30.535 +00:00] [INFO] [util.rs:639] ["connecting to PD endpoint"] [endpoints=pd0:2379] [thread_id=1]
[2024/08/24 06:38:30.538 +00:00] [INFO] [util.rs:601] ["PD failed to respond"] [err="Grpc(RpcFailure(RpcStatus { code: 14-UNAVAILABLE, message: \"DNS resolution failed for pd0:2379: C-ares status is not ARES_SUCCESS qtype=A name=pd0 is_balancer=0: Domain name not found\", details: [] }))"] [endpoints=pd0:2379] [thread_id=1]
[2024/08/24 06:38:30.838 +00:00] [INFO] [util.rs:639] ["connecting to PD endpoint"] [endpoints=pd0:2379] [thread_id=1]
[2024/08/24 06:38:30.847 +00:00] [INFO] [util.rs:601] ["PD failed to respond"] [err="Grpc(RpcFailure(RpcStatus { code: 14-UNAVAILABLE, message: \"DNS resolution failed for pd0:2379: C-ares status is not ARES_SUCCESS qtype=A name=pd0 is_balancer=0: Domain name not found\", details: [] }))"] [endpoints=pd0:2379] [thread_id=1]
[2024/08/24 06:38:31.148 +00:00] [INFO] [util.rs:639] ["connecting to PD endpoint"] [endpoints=pd0:2379] [thread_id=1]
[2024/08/24 06:38:31.152 +00:00] [INFO] [util.rs:601] ["PD failed to respond"] [err="Grpc(RpcFailure(RpcStatus { code: 14-UNAVAILABLE, message: \"DNS resolution failed for pd0:2379: C-ares status is not ARES_SUCCESS qtype=A name=pd0 is_balancer=0: Domain name not found\", details: [] }))"] [endpoints=pd0:2379] [thread_id=1]
[2024/08/24 06:38:31.453 +00:00] [INFO] [util.rs:639] ["connecting to PD endpoint"] [endpoints=pd0:2379] [thread_id=1]
[2024/08/24 06:38:31.457 +00:00] [INFO] [util.rs:601] ["PD failed to respond"] [err="Grpc(RpcFailure(RpcStatus { code: 14-UNAVAILABLE, message: \"DNS resolution failed for pd0:2379: C-ares status is not ARES_SUCCESS qtype=A name=pd0 is_balancer=0: Domain name not found\", details: [] }))"] [endpoints=pd0:2379] [thread_id=1]
[2024/08/24 06:38:31.760 +00:00] [INFO] [util.rs:639] ["connecting to PD endpoint"] [endpoints=pd0:2379] [thread_id=1]
[2024/08/24 06:38:31.767 +00:00] [INFO] [util.rs:601] ["PD failed to respond"] [err="Grpc(RpcFailure(RpcStatus { code: 14-UNAVAILABLE, message: \"DNS resolution failed for pd0:2379: C-ares status is not ARES_SUCCESS qtype=A name=pd0 is_balancer=0: Domain name not found\", details: [] }))"] [endpoints=pd0:2379] [thread_id=1]
[2024/08/24 06:38:31.768 +00:00] [WARN] [client.rs:169] ["validate PD endpoints failed"] [err="Other(\"[components/pd_client/src/util.rs:634]: PD cluster failed to respond\")"] [thread_id=1]
[2024/08/24 06:38:32.068 +00:00] [INFO] [util.rs:639] ["connecting to PD endpoint"] [endpoints=pd0:2379] [thread_id=1]
[2024/08/24 06:38:32.073 +00:00] [INFO] [util.rs:601] ["PD failed to respond"] [err="Grpc(RpcFailure(RpcStatus { code: 14-UNAVAILABLE, message: \"DNS resolution failed for pd0:2379: C-ares status is not ARES_SUCCESS qtype=A name=pd0 is_balancer=0: Domain name not found\", details: [] }))"] [endpoints=pd0:2379] [thread_id=1]
[2024/08/24 06:38:32.374 +00:00] [INFO] [util.rs:639] ["connecting to PD endpoint"] [endpoints=pd0:2379] [thread_id=1]
[2024/08/24 06:38:32.378 +00:00] [INFO] [util.rs:601] ["PD failed to respond"] [err="Grpc(RpcFailure(RpcStatus { code: 14-UNAVAILABLE, message: \"DNS resolution failed for pd0:2379: C-ares status is not ARES_SUCCESS qtype=A name=pd0 is_balancer=0: Domain name not found\", details: [] }))"] [endpoints=pd0:2379] [thread_id=1]
[2024/08/24 06:38:32.679 +00:00] [INFO] [util.rs:639] ["connecting to PD endpoint"] [endpoints=pd0:2379] [thread_id=1]
[2024/08/24 06:38:32.682 +00:00] [INFO] [util.rs:601] ["PD failed to respond"] [err="Grpc(RpcFailure(RpcStatus { code: 14-UNAVAILABLE, message: \"DNS resolution failed for pd0:2379: C-ares status is not ARES_SUCCESS qtype=A name=pd0 is_balancer=0: Domain name not found\", details: [] }))"] [endpoints=pd0:2379] [thread_id=1]
